Running in Lattice mode

Starting:    /usr/local/diamond/3.10_x64/synpbase/linux_a_64/mbin/synplify
Install:     /usr/local/diamond/3.10_x64/synpbase
Hostname:    apurvan-HP-Pavilion-Laptop-15-cc129tx
Date:        Sun Aug  4 17:53:56 2019
Version:     M-2017.03L-SP1-1

Arguments:   -product synplify_pro -tcl /home/apurvan/GSoC/usb-plug-mod-working/data_transfer_gearwork/proj_folder/MachXO2/impl1/launch_synplify.tcl
ProductType: synplify_pro





No project opened.
TCL script complete: "/home/apurvan/GSoC/usb-plug-mod-working/data_transfer_gearwork/proj_folder/MachXO2/impl1/launch_synplify.tcl"
log file: "/home/apurvan/GSoC/usb-plug-mod-working/data_transfer_gearwork/proj_folder/MachXO2/impl1/impl1.srr"
Running: impl1 in foreground

Running impl1_syn|impl1

Running: compile (Compile) on impl1_syn|impl1
# Sun Aug  4 17:54:01 2019

Running: compile_flow (Compile Process) on impl1_syn|impl1
# Sun Aug  4 17:54:01 2019

Running: compiler (Compile Input) on impl1_syn|impl1
# Sun Aug  4 17:54:01 2019
Copied /home/apurvan/GSoC/usb-plug-mod-working/data_transfer_gearwork/proj_folder/MachXO2/impl1/synwork/impl1_comp.srs to /home/apurvan/GSoC/usb-plug-mod-working/data_transfer_gearwork/proj_folder/MachXO2/impl1/impl1.srs

compiler completed
# Sun Aug  4 17:54:03 2019

Return Code: 0
Run Time:00h:00m:02s

Running: multi_srs_gen (Multi-srs Generator) on impl1_syn|impl1
# Sun Aug  4 17:54:04 2019

multi_srs_gen completed
# Sun Aug  4 17:54:04 2019

Return Code: 0
Run Time:00h:00m:00s
Copied /home/apurvan/GSoC/usb-plug-mod-working/data_transfer_gearwork/proj_folder/MachXO2/impl1/synwork/impl1_mult.srs to /home/apurvan/GSoC/usb-plug-mod-working/data_transfer_gearwork/proj_folder/MachXO2/impl1/impl1.srs
Complete: Compile Process on impl1_syn|impl1

Running: premap (Pre-mapping) on impl1_syn|impl1
# Sun Aug  4 17:54:04 2019

premap completed with warnings
# Sun Aug  4 17:54:05 2019

Return Code: 1
Run Time:00h:00m:01s
Complete: Compile on impl1_syn|impl1

Running: map (Map) on impl1_syn|impl1
# Sun Aug  4 17:54:05 2019

Running: fpga_mapper (Map & Optimize) on impl1_syn|impl1
# Sun Aug  4 17:54:05 2019
Copied /home/apurvan/GSoC/usb-plug-mod-working/data_transfer_gearwork/proj_folder/MachXO2/impl1/synwork/impl1_m.srm to /home/apurvan/GSoC/usb-plug-mod-working/data_transfer_gearwork/proj_folder/MachXO2/impl1/impl1.srm

fpga_mapper completed with warnings
# Sun Aug  4 17:54:09 2019

Return Code: 1
Run Time:00h:00m:04s
Complete: Map on impl1_syn|impl1
Complete: Logic Synthesis on impl1_syn|impl1
